O O O O O O B-volume_level_absolute
O O O O O B-artist_name I-artist_name
O O O O B-brightness
O O O O O B-artist_name I-artist_name
O O O B-album_name I-album_name
O O B-room O O B-brightness
O O O O O B-artist_name I-artist_name
O O O O O B-artist_name I-artist_name
O O O O O B-artist_name I-artist_name
O O O O O O B-brightness
O O O O O B-artist_name I-artist_name
O O O B-volume_level_absolute
O O O O O B-artist_name I-artist_name I-artist_name
O O O O O B-artist_name
O O O O O B-artist_name I-artist_name
O O O O O B-artist_name
O O O B-artist_name I-artist_name
O O O B-room O O O B-brightness I-brightness
O O O O O B-artist_name I-artist_name
O O O O O B-artist_name I-artist_name
O O O B-volume_level_absolute O
O O O O O B-artist_name I-artist_name
O O O O O B-artist_name I-artist_name I-artist_name I-artist_name
O O O O O B-artist_name I-artist_name
O O O O O B-artist_name I-artist_name
O O O O O B-artist_name I-artist_name
O O B-room I-room O B-brightness
O O B-playlist_name I-playlist_name I-playlist_name I-playlist_name O O B-playlist_mode
O O O O O B-artist_name I-artist_name I-artist_name
O O O O O B-artist_name I-artist_name
O O O O O O O B-volume_level_absolute O
O O B-room O O B-brightness
O O B-room O O B-brightness O
O O O O B-brightness O O O
O O O O B-volume_level_absolute
O O O O O B-artist_name
O O O O O B-artist_name I-artist_name
O O O O O B-artist_name I-artist_name
O O O O O B-artist_name I-artist_name
O O O O O B-artist_name I-artist_name
O O O O B-artist_name I-artist_name
O O O O O B-artist_name I-artist_name
O O B-artist_name I-artist_name
O O O O O B-brightness I-brightness
O O O O O B-artist_name I-artist_name
O O O O O B-artist_name I-artist_name I-artist_name
O O O O O B-artist_name I-artist_name
O O O O B-volume_level_absolute O O
O O O O O B-artist_name I-artist_name
O O O O O B-artist_name
O O O O O B-artist_name I-artist_name
O O O O O B-artist_name I-artist_name
O O O O O B-artist_name I-artist_name I-artist_name
O O O O O B-room I-room O B-brightness
O O O O O B-artist_name
O O O O O B-artist_name
O O O O O B-artist_name I-artist_name I-artist_name
O O O O B-playlist_name I-playlist_name O
O O B-playlist_name I-playlist_name I-playlist_name O
O O O O O O B-volume_level_absolute
O B-room I-room O O B-brightness O
O O O O O B-artist_name I-artist_name
O O B-room I-room O O B-brightness
O O B-playlist_name I-playlist_name I-playlist_name I-playlist_name O B-playlist_mode
O O O O O B-artist_name I-artist_name
O O O B-volume_level_percent I-volume_level_percent
O O B-room O O O B-brightness
O O O O O B-artist_name
O O O O O B-artist_name I-artist_name
O O O O O B-artist_name I-artist_name
O B-volume_level_percent
O B-brightness I-brightness O O O
O O O O O B-artist_name I-artist_name
O O O O O B-artist_name
O O O O O B-artist_name I-artist_name
O O O O O B-artist_name
O O O O O B-artist_name I-artist_name I-artist_name
O O O O O B-artist_name I-artist_name
O O O O O B-artist_name
O O O O O B-artist_name I-artist_name
O O O O O B-artist_name I-artist_name
O O O O O B-artist_name I-artist_name
O O O O O O B-room I-room O O O O B-brightness I-brightness
O O O B-volume_level_absolute
O O O O O O O B-volume_level_absolute
O O O O O B-artist_name I-artist_name
O O O O B-album_name I-album_name I-album_name I-album_name I-album_name I-album_name I-album_name I-album_name I-album_name I-album_name I-album_name I-album_name
O O O O B-volume_level_absolute O
O O O O O B-artist_name I-artist_name
O O O O O B-artist_name
O O O B-room O B-brightness I-brightness O O O
O O O O B-volume_level_absolute O
O O O O O O B-room O O B-brightness
O O O O O B-artist_name
O O O O O B-artist_name I-artist_name
O O O O O B-artist_name
O O O O O B-artist_name I-artist_name
O O O O O B-artist_name I-artist_name
O O O O O B-artist_name I-artist_name
O O O O O B-artist_name
O O O B-brightness
O O O O O B-artist_name
O B-volume_level_percent O
O O O O O B-artist_name I-artist_name
O O O O O B-artist_name
O O O O O B-artist_name
O O O O B-volume_level_absolute
O O O O O B-artist_name
O O O O O B-artist_name I-artist_name I-artist_name
O B-volume_level_absolute
O O B-room O O O B-brightness
O O O O O B-artist_name I-artist_name I-artist_name
O O B-volume_level_absolute
O O O O O B-artist_name I-artist_name
O O O B-volume_level_absolute
O O O O O B-artist_name I-artist_name
O O O O O B-artist_name I-artist_name I-artist_name
O O O O O B-artist_name
O O O O O B-artist_name
O B-room O O B-brightness
O O B-room O O B-brightness
O O O O O B-artist_name I-artist_name
O O O O O B-volume_level_absolute O O
O O O O O O O O B-volume_level_absolute
O O O O O B-artist_name I-artist_name I-artist_name
O O O O O B-artist_name
O O O O O B-artist_name
O O O B-brightness O O B-room
O O O B-room O O B-brightness
O O O B-volume_level_absolute
O O O O O B-artist_name I-artist_name
O O O O O B-artist_name I-artist_name
O O O O O B-artist_name I-artist_name I-artist_name
O O O O O B-artist_name I-artist_name I-artist_name
O O O O B-volume_level_absolute
O O O O O B-artist_name I-artist_name I-artist_name
O O O O O B-artist_name I-artist_name
O O O O O B-artist_name I-artist_name
O O B-playlist_name I-playlist_name O
O O O O B-brightness I-brightness O B-room I-room
O O O O O B-artist_name I-artist_name
O O O O O B-artist_name I-artist_name
O O O O O B-artist_name I-artist_name
O O O O O B-artist_name
O O O O O B-artist_name I-artist_name
O O O O O B-artist_name I-artist_name
O O O O O B-artist_name I-artist_name
O O O O O B-artist_name I-artist_name
O O O O O B-artist_name
O O O B-volume_level_absolute O
O O O O O B-artist_name
O O O O O B-artist_name I-artist_name
O O O O O B-artist_name I-artist_name I-artist_name
O O O O O B-artist_name I-artist_name I-artist_name
O O O O O B-artist_name
O O O O B-volume_level_absolute
O O O B-volume_level_absolute O O
O O O O O B-artist_name I-artist_name
O O O O O O B-brightness O O B-room
O O O O O B-artist_name I-artist_name
O O O O O B-artist_name I-artist_name
O O O O O B-artist_name
O O O O O B-room I-room O O B-brightness I-brightness
O O O O O B-artist_name
O O O O B-volume_level_absolute O
O O O O O B-artist_name I-artist_name
O O B-room O O B-brightness
O O O B-volume_level_absolute
O B-playlist_name I-playlist_name O O
O O O O O B-artist_name I-artist_name
O O O B-volume_level_absolute
O O O O O B-artist_name I-artist_name
O O O O O B-artist_name I-artist_name
O O B-room O O B-brightness O
O O O O O B-artist_name I-artist_name
O O O O O B-artist_name I-artist_name I-artist_name
O O B-room O O O B-brightness I-brightness
O O O O O B-artist_name
O O O O O B-artist_name
O O O B-playlist_name I-playlist_name O O O
O O B-playlist_name I-playlist_name O O B-playlist_mode
O O O O O B-artist_name I-artist_name
O O B-room O O B-brightness I-brightness
O O O O B-brightness I-brightness
O O O O O B-artist_name I-artist_name
O O O O O B-artist_name
O O O B-brightness O B-room I-room O
O O B-volume_level_percent I-volume_level_percent
O O O O O B-room O B-brightness
O O O O O B-artist_name I-artist_name
B-playlist_mode B-album_name I-album_name I-album_name I-album_name I-album_name O O
O O O O B-playlist_mode O B-album_name I-album_name
O O O O O O B-brightness
B-volume_level_absolute O O O O O O
O O O O B-volume_level_absolute
O O O O O B-artist_name I-artist_name I-artist_name
B-room O O O B-brightness
O O O O O B-artist_name
O O O O B-room O O B-brightness I-brightness
O O O O O B-artist_name I-artist_name
O O O O O B-artist_name I-artist_name
O O O O O B-artist_name I-artist_name
O O O O B-artist_name I-artist_name
O O O O O B-artist_name
O O O O O B-artist_name I-artist_name
O O O O B-room I-room O B-brightness O
O O O O O B-artist_name I-artist_name
O O O O O B-artist_name I-artist_name I-artist_name
O O O O B-volume_level_percent
O O O B-volume_level_absolute O
O O O O O B-artist_name I-artist_name
O O O O O B-artist_name I-artist_name
O O O O O O B-room I-room O O B-brightness
O O O O O O O O O O B-room O B-brightness
O O O O O O O B-brightness O O B-room
O O O O O B-artist_name I-artist_name
O O O O O O O O O O O B-brightness
O O O O O B-artist_name
O O O O O B-artist_name I-artist_name
O O O O O B-room B-brightness
O O O O O B-artist_name
B-song_name O O O O O O O O O O
O O O O O B-artist_name I-artist_name
O O O O B-volume_level_absolute O
O O O O O O B-brightness O O B-room I-room
O O O O O B-artist_name
O B-song_name I-song_name I-song_name
O O O B-artist_name I-artist_name
O O O O O O B-volume_level_absolute
O O O O O B-artist_name I-artist_name
O O O O B-brightness
O O O O O B-artist_name I-artist_name
O O O O O B-room I-room O B-brightness
O O O O O O B-brightness I-brightness
O O O O O B-artist_name I-artist_name
O O O O O B-artist_name I-artist_name
O O O O B-volume_level_percent
O O O O O B-artist_name I-artist_name
O O O O O B-artist_name
O O O O O B-artist_name
O O B-volume_level_percent I-volume_level_percent
O O O O O B-artist_name I-artist_name I-artist_name I-artist_name
O O O B-song_name I-song_name I-song_name
O O B-room O O B-brightness
O O B-room O O B-brightness
O O O O O B-artist_name
O O O B-room O O B-brightness I-brightness
O O O O O O O O O B-volume_level_absolute
O O O O O B-artist_name I-artist_name
O O O O O B-artist_name
O O O O O B-artist_name I-artist_name
O O B-room O O B-brightness O
O O O O B-brightness
O O O O O B-artist_name I-artist_name
O O O O B-volume_level_percent
O O O O B-color
O O O O B-volume_level_absolute O
O O O O O O O O B-volume_level_absolute
O O O O O B-artist_name I-artist_name
O O O O O O O
O O O O O B-artist_name I-artist_name
O O O O O B-artist_name I-artist_name
O O O O O B-artist_name
O O O O O O B-room O B-brightness O
O O O O O B-artist_name
O O O O O B-artist_name I-artist_name
O O B-room O O B-brightness O
O O O O B-volume_level_absolute
O O O O O B-artist_name
O O B-room I-room O O B-brightness
O O O O O B-artist_name I-artist_name
O O O O O B-artist_name
O O O O O B-artist_name I-artist_name
O O O O O B-artist_name I-artist_name
O O O O O B-artist_name
O O O O O B-artist_name
O O O O O B-artist_name
O O O O B-volume_level_absolute O
O O O B-volume_level_absolute O
O O O B-playlist_mode O O O O B-album_name I-album_name I-album_name
O O O O O B-artist_name
O O O O O B-room O B-brightness
O O O O O B-artist_name
O O O O O B-artist_name I-artist_name
O O O O O B-room I-room O O B-brightness I-brightness
O O O O O B-artist_name I-artist_name
O O O O O B-artist_name
O O O O O B-artist_name I-artist_name
O O O B-volume_level_absolute
O O O O O B-artist_name I-artist_name I-artist_name I-artist_name
O O O O O B-artist_name I-artist_name
O O O B-album_name I-album_name
O O O O O B-album_name I-album_name O B-playlist_mode
O O O O O B-artist_name I-artist_name I-artist_name
O O O O O B-artist_name I-artist_name
O O O O O B-artist_name I-artist_name
O O O O O B-artist_name I-artist_name
O O O O O B-artist_name I-artist_name
O O O B-playlist_name O O B-playlist_mode O
O O O O O B-artist_name I-artist_name I-artist_name I-artist_name
O O O O B-brightness O
O O O O O B-artist_name
O O O O O B-artist_name I-artist_name
O O O O O B-artist_name
O O O O O B-artist_name I-artist_name
O O O O O B-artist_name I-artist_name
O O O B-volume_level_absolute
O O O O O B-artist_name
O O O B-volume_level_absolute O
O O O O O O B-brightness
O O O O O B-artist_name I-artist_name
O O B-room I-room O B-brightness I-brightness O O
O O O O O B-artist_name I-artist_name
O O O O O B-room O B-brightness
O O O O O O O B-volume_level_absolute O
O O O O O B-artist_name I-artist_name
O O O O O B-artist_name I-artist_name
O O O O O B-artist_name I-artist_name
O O O O O B-artist_name I-artist_name
O O O O O B-artist_name I-artist_name
O O O O O B-artist_name I-artist_name I-artist_name I-artist_name
O O B-playlist_name I-playlist_name I-playlist_name I-playlist_name
O O O B-room O O O B-brightness I-brightness
O O O O O B-artist_name
O O O O O B-artist_name I-artist_name
O B-playlist_name I-playlist_name O O O
O O O O
O O O O O B-artist_name I-artist_name I-artist_name
O O O O O O O O O B-brightness
O O O B-brightness I-brightness O O O B-room
O O O O O B-artist_name
O O O O O B-artist_name I-artist_name
O O O O B-room O O B-brightness
O O B-artist_name I-artist_name
O O O O O B-artist_name I-artist_name
O O B-room O O B-brightness I-brightness
O O O O O B-artist_name
O O O O O B-artist_name I-artist_name I-artist_name
O O O O O B-artist_name I-artist_name
O O O O O B-artist_name
O O O O O B-artist_name I-artist_name
O O O O B-volume_level_absolute O
O B-volume_level_absolute
O O O O O B-artist_name I-artist_name
O O O O O O
O O O B-volume_level_percent
O O O O O O O B-room O B-brightness I-brightness
O O O O O B-artist_name I-artist_name
O O O O B-volume_level_absolute
O O O O O B-artist_name I-artist_name
O O O O O B-artist_name I-artist_name
O O O O O B-artist_name I-artist_name
O O O O O O O O O
O O O O O O B-volume_level_absolute O
O O O O O B-artist_name
O O O O O O O O B-room O O B-brightness I-brightness
O O O O O B-artist_name I-artist_name
O O O O O B-artist_name I-artist_name
O O O O O B-artist_name I-artist_name
O O B-room I-room O O B-brightness
O O O O O B-artist_name I-artist_name
O O O O O B-artist_name I-artist_name I-artist_name I-artist_name I-artist_name
O O O O O B-artist_name
O O O B-volume_level_absolute O
O O O O O B-room O O B-brightness
O O O O O B-artist_name
O O O O B-artist_name I-artist_name
O O O O O B-artist_name I-artist_name
O O O B-brightness O
O O O O O O O O O B-artist_name I-artist_name I-artist_name
O O B-album_name I-album_name O O B-playlist_mode
O O O O O B-volume_level_absolute
O O O O O B-artist_name I-artist_name
O O O O O B-artist_name I-artist_name
O O O B-room I-room O O O B-brightness
O O O O B-color
O O O B-room O O B-brightness O O O O
O O O O O O B-room I-room O B-brightness
O O O O O B-artist_name I-artist_name I-artist_name
O O O O O B-artist_name
O O O O O B-artist_name
O O O B-volume_level_absolute
O O O O O O O B-room I-room O B-brightness I-brightness
O O O O O B-artist_name I-artist_name
O O O O O B-artist_name I-artist_name
O O O O O B-artist_name I-artist_name
O O O O O B-artist_name
O O O O O B-artist_name I-artist_name
O O O B-volume_level_absolute O
O O O O O B-artist_name I-artist_name
O O O B-volume_level_absolute
O O O O O B-artist_name
O O O O O O O B-volume_level_absolute
O O O B-room O O B-brightness O
O B-room O O O B-brightness
O O O O O B-artist_name I-artist_name I-artist_name
O O O B-volume_level_percent I-volume_level_percent
O O O O O O B-brightness
O O O O O B-artist_name I-artist_name
O O O O O B-artist_name
O O O O O O B-artist_name I-artist_name O O O
O O O O B-brightness O O B-room
O O O O O B-artist_name
O O O O O B-artist_name I-artist_name
O O O O O B-artist_name I-artist_name
O O O O O B-artist_name I-artist_name
O O O B-album_name I-album_name I-album_name I-album_name I-album_name I-album_name I-album_name I-album_name I-album_name I-album_name
O O O O O O O O O B-brightness
O O O O O B-artist_name
O O O O O B-artist_name
O O O O O O B-volume_level_absolute
O O O O O B-artist_name I-artist_name
O O O O O B-artist_name I-artist_name I-artist_name I-artist_name
O O O B-volume_level_absolute O
O O O O
O O O O O B-artist_name I-artist_name
O O O O O B-artist_name
O O O O O B-artist_name
O O O O O B-artist_name I-artist_name
O O O O O O B-volume_level_absolute O
O O O O O B-artist_name I-artist_name I-artist_name
O O O O O B-artist_name
O O O O O B-artist_name
O O O O O B-artist_name I-artist_name
O O O O O B-artist_name
O O O O O B-artist_name I-artist_name
O O O O O B-artist_name
O O O O B-brightness
O O O O O B-artist_name I-artist_name
O O O O O B-artist_name
O O O O B-brightness O O B-room I-room
O O O B-volume_level_absolute O O
O O O O O B-artist_name
O O O O O B-artist_name I-artist_name I-artist_name
O O B-room O O B-brightness
O O O O O B-artist_name I-artist_name
O O O O O B-artist_name
O O O B-room I-room O O B-brightness
O O O O O B-artist_name I-artist_name
O O O O O B-artist_name
O O O O O B-artist_name I-artist_name
O O O O O B-artist_name I-artist_name
O O B-playlist_mode O O B-album_name I-album_name I-album_name O O
O O O O O B-artist_name
O O O O O O B-brightness O O B-room I-room
O O O O O B-artist_name I-artist_name
O B-playlist_name I-playlist_name I-playlist_name I-playlist_name O B-playlist_mode
O O B-playlist_name I-playlist_name I-playlist_name I-playlist_name O B-playlist_mode
O O O O O O B-volume_level_absolute
O O O O O B-artist_name I-artist_name
O O O O O B-artist_name I-artist_name
O O O B-volume_level_absolute O
O O O O O B-artist_name I-artist_name
O O O B-brightness
O O O B-volume_level_absolute
O O O O O B-artist_name I-artist_name
O O B-brightness O O B-room O
O O O O O B-album_name I-album_name O B-playlist_mode
O O O O O B-artist_name
O O O O O O O O O O O B-room
O O O B-volume_level_absolute
O O O O O B-artist_name
O O O O O B-artist_name I-artist_name
O O O O B-volume_level_percent
O O O O B-volume_level_absolute
O O O O O B-artist_name I-artist_name
O O O O B-volume_level_absolute O
O O O O O B-artist_name I-artist_name
O O O O O B-artist_name I-artist_name
O O O O O B-artist_name I-artist_name
O O O B-playlist_name I-playlist_name I-playlist_name I-playlist_name O
O O O O O B-artist_name I-artist_name
O O O O O B-artist_name I-artist_name
O O O O O B-artist_name I-artist_name I-artist_name
O O O O O B-artist_name I-artist_name
O O O B-volume_level_absolute O
B-room O O O O B-brightness O
O O B-volume_level_percent
B-room I-room O O O O B-brightness O
O O O O O B-artist_name I-artist_name
O O O O O B-artist_name I-artist_name
O O O O O B-artist_name
O O O O O B-artist_name I-artist_name I-artist_name
O O O O O B-artist_name I-artist_name
O O O O O B-artist_name I-artist_name
O O B-room O O O O B-brightness
O O O O B-brightness
O O O O O B-artist_name I-artist_name
O O O O O B-artist_name I-artist_name
O O O O O B-brightness I-brightness O O B-room
O O O O O B-artist_name I-artist_name
O O O O O B-artist_name
O O O O O B-artist_name I-artist_name
O O O B-playlist_name I-playlist_name I-playlist_name I-playlist_name O
O O O O O B-artist_name
O O O O O O B-brightness B-room
O O O O O B-artist_name
O O O O O B-artist_name I-artist_name
O O O O O B-artist_name I-artist_name
O O O O O O O B-album_name
O O O B-room O O B-brightness I-brightness
O O O O O B-artist_name I-artist_name
O O O O O B-artist_name
O O O B-volume_level_absolute O
O O O O O B-artist_name I-artist_name
O O O O O B-brightness O O B-room
O O O O O B-artist_name I-artist_name
O O O O O O B-playlist_name I-playlist_name O
O O O O O B-artist_name I-artist_name I-artist_name
O O O O O B-artist_name I-artist_name
O O O O O B-artist_name I-artist_name
O O O O B-room O B-color O O O
O O O O O B-artist_name
O O O O O B-artist_name I-artist_name I-artist_name I-artist_name
O O O O O B-artist_name I-artist_name I-artist_name
O O O B-volume_level_absolute
O O O O O B-artist_name I-artist_name
O O B-room O O B-brightness
O O O O O B-artist_name I-artist_name
O O O O O B-artist_name I-artist_name
O O O O O B-artist_name I-artist_name
O O O O O B-artist_name I-artist_name I-artist_name
O O O O O B-artist_name I-artist_name I-artist_name
O O O O O B-artist_name I-artist_name
O O O O O B-artist_name
O O O O O B-artist_name
O O O O O B-artist_name I-artist_name
O O O O B-volume_level_percent
O O O O O O B-volume_level_absolute O
O O O O O B-artist_name I-artist_name
O O O O B-volume_level_absolute
O O O O O B-artist_name I-artist_name
O O O O O B-artist_name I-artist_name
O O O O O B-artist_name I-artist_name
O O O O O B-room I-room O O B-brightness
O O O O O B-artist_name I-artist_name
O O O B-brightness
O O O O O B-brightness I-brightness O O B-room
O O O O O B-artist_name I-artist_name
O O O O O B-artist_name I-artist_name
O O O O O B-artist_name I-artist_name
O O O O O B-artist_name I-artist_name
O O B-album_name I-album_name O
O O O O O B-artist_name
O O O O O B-artist_name I-artist_name
O O O O O B-artist_name
O O O B-room O O O O B-brightness
O O O O O B-artist_name I-artist_name I-artist_name
O O O O O B-artist_name
O O O O O B-artist_name
O O O O O B-artist_name I-artist_name
O O B-room I-room O O B-brightness
O O O O O B-artist_name
O O O O B-volume_level_absolute
O O O O B-room O O B-brightness
O O O O O B-artist_name I-artist_name
O O O O O B-artist_name I-artist_name
O O O O O B-artist_name I-artist_name
O O B-room O B-brightness
O O O O O B-artist_name I-artist_name
O O O O O B-artist_name I-artist_name
O O O O O B-artist_name I-artist_name
O O O O O B-artist_name
O O O O O B-artist_name
O O O O O B-artist_name I-artist_name
O O O B-volume_level_absolute
O O O O O B-artist_name
O O O O B-volume_level_absolute
O O O O O B-artist_name I-artist_name
O O O O O B-artist_name
O O O O O B-artist_name I-artist_name I-artist_name
O O O O O B-artist_name
O O O O O B-artist_name
O O O O O O B-volume_level_percent
O O B-room O O B-brightness I-brightness
O O O O O O B-artist_name I-artist_name
O O O O O B-volume_level_absolute O
O O O O O B-artist_name
O O O O O B-artist_name I-artist_name
O O O O O B-artist_name I-artist_name
O O O O O O O O B-brightness O
O O O O O B-artist_name I-artist_name I-artist_name
O O O O O B-artist_name
O O O O O O B-brightness
O O O O O B-artist_name
O O B-album_name I-album_name I-album_name I-album_name O
O O O O O B-artist_name
O O O O O O B-album_name I-album_name O O B-playlist_mode O
O O O O O B-artist_name
O O O O O B-artist_name I-artist_name
O O O O O B-artist_name
O O O O O B-artist_name I-artist_name
O O O O O B-artist_name
O O O O O B-artist_name I-artist_name
O O O O O B-volume_level_absolute
O O O O O B-playlist_name I-playlist_name I-playlist_name I-playlist_name
O O O O O B-artist_name I-artist_name
O O O O B-playlist_name I-playlist_name
O O O O O B-artist_name
O O O B-volume_level_absolute
O O O O O O B-volume_level_absolute O
O O O O O B-artist_name I-artist_name
O O O O O B-artist_name I-artist_name
O O O O O B-brightness I-brightness
O O O O O B-artist_name
O O O O O B-artist_name I-artist_name I-artist_name
O O O O O B-artist_name
O O O O O B-artist_name
O O O O O B-artist_name
O O O O O B-artist_name I-artist_name I-artist_name
O O B-room I-room O O B-brightness O
O O O O O B-artist_name I-artist_name
O O O O O B-artist_name I-artist_name
O O O O B-artist_name I-artist_name
O O O O O B-artist_name I-artist_name
O O O O O B-artist_name
O O O O O O B-artist_name I-artist_name
O O O O B-artist_name I-artist_name
O O O O O B-artist_name I-artist_name
O O O O O B-artist_name I-artist_name
O O B-playlist_name I-playlist_name I-playlist_name
O O B-volume_level_absolute O
O O O O B-album_name I-album_name I-album_name I-album_name
O O O O O O O O O B-album_name I-album_name I-album_name I-album_name I-album_name
O O O B-room O O O O O B-brightness
O O O O O B-artist_name I-artist_name
O O O O O B-artist_name I-artist_name
O O O O O B-artist_name I-artist_name
O O O O B-volume_level_absolute O O O O O
O B-playlist_name I-playlist_name I-playlist_name I-playlist_name O
O B-song_name I-song_name I-song_name
O O O O B-song_name I-song_name
O O O O O B-artist_name I-artist_name
O O O O O B-artist_name I-artist_name
O O O O O B-artist_name I-artist_name
O O O O O B-artist_name
O O O O O B-artist_name I-artist_name
O O O O O B-artist_name
O O O B-room O O O O O O O O O O B-brightness
O O O O O B-artist_name I-artist_name I-artist_name
O O B-room O O B-brightness I-brightness O
O O O B-volume_level_absolute
O O O O O B-artist_name I-artist_name
O O O O O B-artist_name
O O O O O B-artist_name
O O O O O B-artist_name
O O O O O B-artist_name
O O B-room I-room O O B-brightness O
O O O O O B-artist_name I-artist_name
O O O O O B-artist_name I-artist_name
O O O B-room O O O O B-brightness I-brightness
O O O O O B-artist_name
B-playlist_mode O B-playlist_name I-playlist_name I-playlist_name O
O O O O O O O O O O B-volume_level_absolute O
O O O O B-volume_level_absolute O
O O O O O B-artist_name I-artist_name
O O O O O B-volume_level_absolute O
O O O O O B-artist_name
O O O O O B-artist_name I-artist_name I-artist_name I-artist_name
O O O O O B-artist_name
O O O O O B-artist_name I-artist_name
O O O O O B-artist_name I-artist_name
O B-playlist_name I-playlist_name I-playlist_name I-playlist_name
O O O O O B-artist_name
O O O O O B-artist_name I-artist_name
O O O O O B-artist_name I-artist_name
O O O B-volume_level_absolute
O O O O O B-artist_name I-artist_name I-artist_name
O O O O O O O B-brightness O
O O O B-volume_level_absolute O
O O O O O O O
O O O B-playlist_name I-playlist_name I-playlist_name I-playlist_name
O O O O O B-artist_name I-artist_name
O O O O O B-artist_name I-artist_name I-artist_name I-artist_name I-artist_name I-artist_name
O O O O O B-artist_name I-artist_name
O O B-room O O B-brightness I-brightness
O O O O O B-artist_name I-artist_name
O O O O O B-artist_name I-artist_name
O O O O O B-artist_name
O O O O O B-artist_name
O O O O O B-artist_name I-artist_name
O O O O O O B-brightness
O O O O O B-artist_name
O O O O O B-artist_name
O O O O O O O O O O
O O O O O B-artist_name I-artist_name
O O O O O B-artist_name I-artist_name
O O O O O O O O B-room
O O O O O B-artist_name
O O O O O B-artist_name
O O O O O B-artist_name I-artist_name
O O O O O B-artist_name I-artist_name I-artist_name
O O O O O B-artist_name I-artist_name
O O O O O B-artist_name I-artist_name I-artist_name
O O O O B-volume_level_percent I-volume_level_percent
O O O O O B-artist_name I-artist_name
O O B-room O O B-brightness
O O O O O B-artist_name I-artist_name
O B-room I-room O O B-brightness
O O O O O B-artist_name I-artist_name I-artist_name
O O O O O B-artist_name I-artist_name
O O O O O B-volume_level_percent
O O O O O B-artist_name I-artist_name
O O O O O B-artist_name I-artist_name
O O O O O B-volume_level_percent I-volume_level_percent
O O O O B-volume_level_absolute
O O O O O B-artist_name I-artist_name
O O O O O B-artist_name
O O O O O B-artist_name I-artist_name
O O B-room I-room O O O O O B-brightness O
O O O O B-volume_level_absolute O
O O O O O B-artist_name I-artist_name
O O O O O B-artist_name I-artist_name
O O O O O B-artist_name
O O O O B-volume_level_absolute O O O O
O O O O O B-artist_name I-artist_name
O O O O O B-artist_name I-artist_name
O O O O O B-artist_name I-artist_name
O O O O O B-artist_name I-artist_name
O O B-room I-room O O B-brightness
O O O B-room O O
O O O O O B-artist_name I-artist_name
O O O O O B-artist_name I-artist_name
O O O O O B-artist_name
O O O O O B-artist_name I-artist_name
O O O O O B-volume_level_absolute O
O O O O B-brightness O O B-room
O O O O O B-artist_name
O O O O O B-volume_level_absolute O
O O O O O B-artist_name I-artist_name
O B-room O O B-brightness O
O O O O O B-artist_name I-artist_name
O O O O B-volume_level_absolute
O O O O O B-artist_name
O O O O O B-artist_name I-artist_name
O O O O O B-artist_name I-artist_name
O O O O O B-artist_name I-artist_name
O O O O O O O B-album_name I-album_name
O O O O O B-artist_name I-artist_name
O O O O O B-artist_name I-artist_name
O O B-playlist_mode O O O B-album_name I-album_name I-album_name
O O O O O B-volume_level_absolute O O
B-room I-room O O B-brightness I-brightness O
O O O O O B-artist_name I-artist_name
O O O O O B-artist_name I-artist_name
B-room I-room O B-brightness
O O O O O B-artist_name I-artist_name
O O O B-volume_level_absolute
O O O O B-music_item O
O O B-room I-room O O B-brightness
O O O O O B-artist_name
O O O O O B-artist_name I-artist_name
O O O O O B-artist_name I-artist_name
B-room I-room O O B-brightness O
O O O O O B-artist_name I-artist_name I-artist_name
O O O O O B-artist_name
O O O O O B-artist_name I-artist_name
O O O O O B-artist_name
O O O B-volume_level_absolute
O O O O O B-artist_name I-artist_name
O B-volume_level_percent I-volume_level_percent
O O O O O B-artist_name I-artist_name
B-room I-room O O B-brightness
O O O O O B-artist_name I-artist_name
B-brightness O O O O O O
O O O O O O B-volume_level_absolute O
O O O O O B-artist_name
O O O O O B-artist_name
O O O B-volume_level_absolute
O O O O O B-artist_name
O O O O O B-artist_name I-artist_name I-artist_name
O O O O O B-brightness
O O B-volume_level_percent
O O O O O B-artist_name I-artist_name
O O O O O B-artist_name I-artist_name
O O O O O B-room I-room O B-brightness
O O O O O B-artist_name I-artist_name
O O O O O B-artist_name
O O O O O B-artist_name I-artist_name
O O O O O B-artist_name
O O O O O B-artist_name
O O O O O B-artist_name I-artist_name
O O O O O B-artist_name
O O O O O B-artist_name
O O O O O B-artist_name I-artist_name
O O O O O B-artist_name I-artist_name
O O O B-volume_level_absolute O
O O O B-room O
O O O O O B-artist_name I-artist_name
O O O O O B-artist_name I-artist_name
O O O O O B-artist_name I-artist_name
O O O O O B-artist_name I-artist_name
O O O O O B-artist_name
O O O O O B-artist_name I-artist_name O O
O O O O O B-volume_level_absolute O
O O O O O B-artist_name I-artist_name
O O O O O B-artist_name I-artist_name
O O O O O O O B-volume_level_absolute O
O O O O O B-artist_name I-artist_name
O O O O O B-artist_name
O O O O O B-artist_name
O O O O O B-artist_name
O O O O O B-artist_name
O O O O O B-artist_name I-artist_name
O O O O O B-artist_name I-artist_name
O O O O O B-artist_name
O O O O O B-artist_name
O O O O O B-artist_name
O O O O O B-artist_name
O O O O O B-artist_name
O O O B-artist_name I-artist_name
O O O O O B-artist_name I-artist_name I-artist_name
O O O O O B-artist_name I-artist_name
O B-artist_name I-artist_name I-artist_name
O O B-room I-room I-room O
O O O O O B-artist_name
O O O O O B-artist_name I-artist_name
O O O O O B-artist_name I-artist_name
O O B-volume_level_absolute O
O O O O O B-brightness
O O O O O B-artist_name I-artist_name
O O O O O B-artist_name I-artist_name
O O O O O B-artist_name I-artist_name
O O O O O B-artist_name
O O O O O B-artist_name I-artist_name
O O O O O B-artist_name
O O O B-volume_level_absolute
O O O O O B-artist_name I-artist_name
O O O O O B-artist_name I-artist_name I-artist_name
O O O O O B-artist_name I-artist_name
O O O B-volume_level_absolute O
O O O O O B-artist_name I-artist_name
O O O O B-volume_level_absolute O
O O O O O B-artist_name I-artist_name
O O O O O B-artist_name I-artist_name
O O O O B-brightness O O B-room
O O O O O B-song_name
O O O B-playlist_name I-playlist_name O
O O O O O B-artist_name
O O O O O B-artist_name I-artist_name
O O O O O B-artist_name I-artist_name
O O O O O B-artist_name
O O O O O B-artist_name I-artist_name
O O O O O B-artist_name I-artist_name
O O O O O B-artist_name I-artist_name
O O O O B-brightness O O O B-room
O O O O O B-artist_name I-artist_name
O O O B-room O O B-brightness
O O O O O B-artist_name I-artist_name
O O O O O B-artist_name I-artist_name
O O O B-volume_level_absolute
O O O O O B-artist_name
O O O O O B-artist_name I-artist_name
O O O O O B-artist_name I-artist_name
O O O O O B-artist_name I-artist_name
O O O O O B-artist_name
O O O O O B-volume_level_absolute O
O O O O O B-artist_name
O O O O O B-artist_name I-artist_name
O O B-room O O B-brightness
O O O O O B-volume_level_absolute
O O O O O B-artist_name
O O O O O B-artist_name I-artist_name
O O O O O O B-room O O
O B-playlist_mode O O B-album_name I-album_name
O O O O O B-artist_name I-artist_name
O O O O B-music_item O O
O O O O B-volume_level_absolute O O
O O O O O B-artist_name
O O O O O B-artist_name I-artist_name
O O B-album_name I-album_name I-album_name I-album_name O O B-playlist_mode
O O O O O B-artist_name I-artist_name
O O O O O B-artist_name I-artist_name
O O B-room O O O O O B-brightness O
O O O O O B-artist_name I-artist_name I-artist_name I-artist_name
O O O O O B-artist_name I-artist_name
O O O O O B-artist_name I-artist_name
O O O O O B-artist_name I-artist_name
O O O O O B-artist_name I-artist_name
O O O O O B-artist_name I-artist_name
O O O O O B-volume_level_absolute O
O O O O O B-artist_name I-artist_name
O O O O O B-artist_name I-artist_name
O O O O O B-artist_name
O O O O O B-artist_name I-artist_name
O O O O O B-artist_name I-artist_name
O O O O O B-artist_name
O O O O O B-artist_name I-artist_name
O O O O O B-artist_name
O O O O O B-artist_name I-artist_name
O O O O O B-artist_name I-artist_name I-artist_name
O O O O O O B-volume_level_absolute
O O O O O B-volume_level_absolute O O O O O
O O O O O B-artist_name
O O O O O B-artist_name I-artist_name
O O O O O B-artist_name I-artist_name
O O O O O B-artist_name
O O O O O O B-song_name I-song_name
O O O O O B-artist_name I-artist_name
O O B-room O O O B-brightness
O O O O O B-artist_name
O O O O O B-artist_name
O O O O O B-artist_name I-artist_name
O O O O O B-artist_name I-artist_name I-artist_name
O O B-room B-brightness I-brightness
O O O O O B-artist_name
O O O O O B-artist_name I-artist_name
O O O O O B-artist_name I-artist_name
O O O O O B-artist_name I-artist_name
O O O O O B-artist_name
O O O O O B-artist_name I-artist_name
O O O O O B-artist_name
O O O O O B-artist_name I-artist_name
O O O O O B-artist_name I-artist_name
O O O O O B-artist_name I-artist_name
O O O O O B-artist_name I-artist_name
O O O O O B-artist_name I-artist_name
O O B-playlist_name I-playlist_name I-playlist_name O
O O O O O B-volume_level_absolute O
O O B-room O O O B-brightness
O B-playlist_name I-playlist_name O O B-playlist_mode
O O O O O B-artist_name
O O O O O B-artist_name
O O O O O B-artist_name I-artist_name
O O O O O B-artist_name
O O O O O B-artist_name
O O O O O B-artist_name I-artist_name
O O O O O B-artist_name
O O O O O B-artist_name I-artist_name I-artist_name
O O O O O B-artist_name I-artist_name
O O O O O B-artist_name
O O O B-room O O O O O O O O B-brightness
O O O O O B-artist_name I-artist_name
O O O B-volume_level_absolute
O O O O O B-artist_name
O O O O O B-artist_name I-artist_name
O O O O O O
O O O O O B-artist_name I-artist_name
O O B-volume_level_absolute O
O O O O B-volume_level_percent O
O O O O O B-artist_name
O O O O O B-artist_name I-artist_name
O O O O O B-artist_name
O O O O O B-artist_name I-artist_name I-artist_name I-artist_name
O O O O O B-artist_name I-artist_name
O O O O O B-artist_name I-artist_name
O O O O O B-artist_name I-artist_name
O O O O O B-artist_name I-artist_name I-artist_name
O O O O O B-artist_name
O O O O O B-artist_name
O O O O O B-artist_name I-artist_name
O O O O O B-artist_name I-artist_name I-artist_name
O O B-room I-room O O B-brightness O
O O O B-brightness O
O O O O O B-artist_name
O O O O O B-artist_name
O O O O O B-artist_name
O O O O O B-artist_name
O O O O O B-artist_name
O B-album_name I-album_name I-album_name O O B-playlist_mode
O O O O O O B-room O O B-brightness O
O O O O O B-artist_name I-artist_name
O O O B-room O O O O B-brightness I-brightness O
O O O O O B-artist_name I-artist_name
O O O O O B-artist_name I-artist_name
O O O O O B-artist_name
O O O O O B-artist_name I-artist_name
O O O O O B-artist_name I-artist_name
O O O O O B-artist_name I-artist_name I-artist_name
O O B-album_name I-album_name O B-playlist_mode
O O O O O O O B-room O B-brightness
O O O O O B-artist_name I-artist_name
O O O O O O O O O O B-volume_level_absolute
B-room O O O O O B-brightness
O O O O O B-artist_name I-artist_name
O B-playlist_name I-playlist_name O B-playlist_mode
O O O O O B-artist_name
O O O O O B-artist_name I-artist_name
O O O O O B-artist_name I-artist_name
O O O O O B-artist_name I-artist_name I-artist_name
O O O O O B-artist_name
O O O O O B-artist_name I-artist_name
O B-volume_level_absolute O O O
O O O O O B-artist_name
O O O O O B-artist_name
O O O O O B-volume_level_absolute O
O O O O O B-artist_name I-artist_name
O O O O O B-artist_name I-artist_name I-artist_name I-artist_name I-artist_name
O O O O O B-artist_name
O O O O O B-artist_name I-artist_name
O O O B-volume_level_absolute O O
O O O O O B-artist_name
O O O O O B-artist_name
O O O O O B-artist_name I-artist_name
O O O O O B-volume_level_absolute
O O O O O B-album_name I-album_name
O O O O O B-artist_name I-artist_name
O O O O O O O O B-brightness I-brightness
O O O O B-brightness I-brightness O
O O O O O B-artist_name I-artist_name
O O O O O B-brightness I-brightness O O B-room
O O O O O B-artist_name
O O O O O O B-volume_level_absolute
O O B-album_name I-album_name
O O O O O O B-room O B-brightness O
O O O O O B-artist_name I-artist_name I-artist_name I-artist_name
O O O O O B-artist_name
O O O O O O B-room
O O O O B-brightness I-brightness O
O B-volume_level_absolute O O
O O O O O B-artist_name I-artist_name
O O O O O O O B-brightness I-brightness O
O O O O O O O O O O O B-playlist_name I-playlist_name
O O O O O B-artist_name I-artist_name
O O O O O B-artist_name
O O O O O B-artist_name I-artist_name
O O O O B-brightness I-brightness O
O O B-room O B-brightness O O O O O
O O O O O B-artist_name I-artist_name
O O O O B-room I-room O O B-brightness
O O O O B-album_name I-album_name I-album_name
O O O O O B-artist_name I-artist_name
O O O O O B-artist_name
O O O O O B-artist_name
O O O O O B-artist_name I-artist_name
O O O O O B-artist_name
O O O O O B-artist_name I-artist_name I-artist_name
O B-volume_level_absolute
O O O O O B-artist_name
O O O B-volume_level_absolute
O O O O B-music_item O
O B-volume_level_absolute
O O O B-volume_level_absolute
O O O O O B-artist_name I-artist_name
O O O B-volume_level_absolute
O O O O O O B-brightness I-brightness
O O O O O B-artist_name
O O O B-volume_level_absolute O O
O O O O B-volume_level_absolute O
O O O O O B-artist_name I-artist_name I-artist_name
O O O O O B-artist_name I-artist_name
O O O B-room O O O O O B-brightness I-brightness
O O O B-volume_level_absolute O
O B-volume_level_absolute
O O O O O B-brightness O
O O O B-room I-room O O O B-brightness
O O O O O B-artist_name
O O O O O B-artist_name I-artist_name
O O O O O B-artist_name
O B-volume_level_absolute O O
O O B-volume_level_absolute
O O O O O B-artist_name I-artist_name
O O O O O B-artist_name I-artist_name
O O O O O B-artist_name I-artist_name
O O O O O B-artist_name I-artist_name
O O O B-brightness O O O O O O O
O O O O O O O B-playlist_name I-playlist_name O B-playlist_mode
O O O O O B-artist_name I-artist_name
O O O O O B-artist_name
O O O O B-volume_level_absolute
O O O O O B-artist_name I-artist_name
O B-volume_level_absolute
O O O O O O O O B-room O B-brightness I-brightness
O O O O O B-artist_name
O O O O O B-artist_name I-artist_name
O O O O O B-artist_name I-artist_name
O O O B-volume_level_absolute
O O O O O B-music_item O O
O O O O O B-artist_name I-artist_name
O O O O O B-artist_name
O O O O O B-artist_name I-artist_name
O O B-room O O B-brightness
O O O O O B-artist_name
O O O O O B-artist_name
O O O O O B-artist_name I-artist_name
O O O O O B-artist_name I-artist_name I-artist_name
O O O O O B-artist_name I-artist_name
O O O O O B-artist_name I-artist_name
O O O O O B-artist_name I-artist_name I-artist_name
O O O O O B-artist_name I-artist_name
O O O O B-volume_level_percent I-volume_level_percent
O O O O O O O B-volume_level_absolute
O O O O O B-artist_name I-artist_name
O O O B-song_name I-song_name I-song_name I-song_name
O O O O O B-artist_name
O O O O O B-artist_name I-artist_name
O O O O O B-artist_name I-artist_name
O O O O O B-artist_name I-artist_name
O O O O O B-artist_name
O O O O O B-artist_name I-artist_name
O O O O O B-artist_name I-artist_name
O O O O O B-artist_name
O B-volume_level_absolute
O O O O O B-artist_name I-artist_name
O O O O O B-artist_name
O O O O O O O O B-volume_level_absolute
O O O O O B-artist_name
O O O O O B-artist_name
O O O O B-volume_level_absolute O
O O O O O B-artist_name I-artist_name
O O O O O B-artist_name I-artist_name
O O O O O B-artist_name I-artist_name I-artist_name I-artist_name
O O O O O B-artist_name I-artist_name
O O O O B-volume_level_percent I-volume_level_percent
O O O O O B-artist_name I-artist_name
O O O O O B-artist_name I-artist_name
O O O B-album_name
O O O O O B-artist_name I-artist_name
O O O O O B-artist_name I-artist_name
O O O B-volume_level_absolute
O B-volume_level_absolute
O O O O O B-artist_name
O O O O O B-artist_name
O O O O O B-artist_name I-artist_name
O O O O O B-artist_name I-artist_name
O O O O O B-artist_name
O O O B-volume_level_absolute
O O B-room O O B-brightness
O O O O O B-artist_name
O O O O O B-room O O B-brightness O
O O O O O B-artist_name I-artist_name
O O O O B-volume_level_absolute
O O O O O B-volume_level_absolute O
O O O B-song_name I-song_name I-song_name
O O O O O B-artist_name I-artist_name
O O O O O B-artist_name
O O O O O B-artist_name I-artist_name
O O O O O B-playlist_name I-playlist_name O
O O O O O B-brightness I-brightness O
O O O O O B-artist_name
O O O O O B-artist_name I-artist_name I-artist_name I-artist_name I-artist_name
O O O O O B-artist_name I-artist_name I-artist_name I-artist_name I-artist_name
O O O O O B-artist_name
O O O O O B-artist_name
O O O O O B-artist_name
O O O O O B-artist_name I-artist_name
O O O O O O B-artist_name I-artist_name
O O O O O B-artist_name I-artist_name
O O O O O B-artist_name I-artist_name
O O O O O O O O
O O O O O B-artist_name I-artist_name
O O O O O B-artist_name I-artist_name
O O O O O B-artist_name
O O O O O O O B-volume_level_absolute
O O O O O B-artist_name I-artist_name
O O O O O B-artist_name I-artist_name
O O O O B-volume_level_percent
O O O O O B-artist_name I-artist_name I-artist_name
O O O B-room O B-brightness O
O O O O O B-artist_name I-artist_name
O O O B-room I-room O O B-brightness
O O O O O B-artist_name
O O O O O B-volume_level_absolute
O O O B-volume_level_absolute
O O O O O O O O B-volume_level_absolute
O O O O O B-artist_name I-artist_name
O O O O O B-artist_name I-artist_name
O O O O O B-artist_name
O O O O O B-artist_name
O O O O O B-artist_name I-artist_name
O O O O O B-song_name I-song_name I-song_name
O O O O O B-artist_name I-artist_name
O O O O O B-artist_name I-artist_name
O O O O O B-room I-room O B-brightness I-brightness
O O O O O B-artist_name
O O O O O B-artist_name I-artist_name
O O O O O B-artist_name I-artist_name
O O O O O B-artist_name
O O O O O O O B-volume_level_absolute O
O O B-artist_name I-artist_name
O O O O O B-artist_name
O O O O O B-artist_name I-artist_name
O O O B-album_name I-album_name I-album_name
O O O B-room O
O O O B-brightness
O O O O B-volume_level_absolute
O O O O O O B-brightness I-brightness
O O O O O B-room O B-brightness I-brightness
O O O O B-brightness
O O O O O B-artist_name
O O O B-room O
O O O O O B-brightness
O O O O O B-artist_name I-artist_name
O O O O B-room O O B-brightness
O O O O O B-artist_name I-artist_name
O O O O O B-artist_name
O O O O O B-artist_name I-artist_name
O O O O O B-artist_name I-artist_name
O O O O O B-artist_name I-artist_name
O O O O O B-volume_level_absolute O
O O O O B-brightness I-brightness O O B-room
O O O O O B-artist_name
O O O O O O B-volume_level_absolute
O O O O B-volume_level_absolute
O O O O O B-artist_name I-artist_name
O B-room I-room O O O B-brightness I-brightness
O O O O O B-volume_level_absolute
O O O B-volume_level_percent
O O O O O B-artist_name I-artist_name I-artist_name
O O B-room I-room O O O O B-brightness
O O O O O B-artist_name I-artist_name
O O O O B-brightness
O O O O O B-artist_name I-artist_name
O O B-volume_level_absolute O O
O O O O O B-artist_name
O O O O O B-artist_name I-artist_name
O O O O O B-artist_name I-artist_name
O O O O O B-artist_name I-artist_name
O O O O O B-artist_name I-artist_name
O O O O O B-artist_name I-artist_name
O O O O O O O O O O O B-brightness
O O O O O B-artist_name I-artist_name I-artist_name I-artist_name I-artist_name I-artist_name
O B-volume_level_percent
O O O O O B-artist_name I-artist_name
O O O O O B-artist_name I-artist_name
O O O O O B-artist_name
O O O O O B-artist_name I-artist_name
O O O O O B-artist_name I-artist_name I-artist_name
O O O O O B-artist_name I-artist_name
O O O O O B-artist_name I-artist_name I-artist_name I-artist_name I-artist_name I-artist_name I-artist_name I-artist_name
O O O O O B-room I-room O B-brightness
O O B-artist_name
O O O O O B-artist_name I-artist_name
O O O B-volume_level_percent I-volume_level_percent
O O O O O B-artist_name I-artist_name
O O O O O B-artist_name
O O O O O B-artist_name I-artist_name
O O O O O B-artist_name
O O O B-volume_level_absolute
O O O O O B-brightness
O O O O O B-artist_name I-artist_name
O O B-song_name I-song_name I-song_name
O O O O O B-artist_name
O B-playlist_name I-playlist_name I-playlist_name I-playlist_name
O O O O O B-room O O B-brightness
O O O O O B-artist_name I-artist_name I-artist_name
O O B-room O O O B-brightness
O O O O O B-artist_name I-artist_name
O O O B-volume_level_absolute O O O O
O O O O O B-artist_name
O O O B-volume_level_absolute O
O O O O O B-artist_name I-artist_name
O O O O O B-artist_name I-artist_name
O O O O O B-artist_name
O O O O B-volume_level_absolute
O O O O O B-artist_name I-artist_name
O O O O O B-artist_name I-artist_name I-artist_name
O O O B-volume_level_absolute
O O O O O B-artist_name
O O O B-volume_level_absolute O
O O O O B-volume_level_percent
O O O O O B-artist_name
O O B-room O O B-color
O O O O O B-artist_name I-artist_name
O O O O O B-artist_name I-artist_name
O O O O O B-artist_name I-artist_name
O O O O O B-artist_name
O O O O B-volume_level_absolute O
B-room O O O O B-brightness I-brightness
O O O O B-volume_level_absolute O
O O O B-artist_name I-artist_name
O O O O O B-artist_name I-artist_name
O O O O O B-artist_name I-artist_name
O O O O O B-volume_level_absolute O
O O O O O B-artist_name I-artist_name
O O O O O B-artist_name
O O O O O B-artist_name I-artist_name
O O O O O B-artist_name I-artist_name
O O O O B-volume_level_absolute O
O O O B-room O O O B-brightness
O O O O O B-artist_name I-artist_name
O O O O O B-artist_name I-artist_name
O O O O O B-artist_name
O O O O O B-room I-room O O B-brightness I-brightness
O O O O O B-volume_level_absolute
O O O O O B-artist_name
O O O B-volume_level_absolute
O O O O O B-artist_name I-artist_name
O O O O O B-artist_name
O O O O B-room I-room O B-brightness
O O O O O O B-volume_level_absolute O
O O O O O B-artist_name
O B-volume_level_absolute
O O O O O B-artist_name I-artist_name
O O O B-artist_name I-artist_name
O O O O B-room O O B-brightness
O O O O O B-artist_name
O O O O O B-volume_level_absolute O
O O O O O B-volume_level_percent I-volume_level_percent
O O O O O B-brightness
O O O O O B-artist_name I-artist_name
O O O O O B-artist_name I-artist_name
O O B-album_name I-album_name I-album_name I-album_name I-album_name O B-playlist_mode O
O O B-brightness O
O O O O O B-artist_name I-artist_name
O O O O O B-artist_name I-artist_name
O O O O O B-artist_name I-artist_name
O O O B-volume_level_absolute
O O O O O B-artist_name I-artist_name
O B-room O O B-brightness I-brightness
O O O B-room O O O O B-brightness O
O O O O O O B-room I-room
O O O O O B-artist_name I-artist_name
O O O B-playlist_name I-playlist_name
O O B-room I-room O O O B-brightness
O O O O O B-artist_name I-artist_name
O O O O O B-artist_name I-artist_name
O O O O O B-artist_name I-artist_name
O O O O O B-volume_level_absolute
O O O O O B-artist_name I-artist_name
O O O O O B-artist_name I-artist_name
O O O O O B-artist_name I-artist_name
O O O O O O O O B-volume_level_percent I-volume_level_percent
O O O O O B-volume_level_absolute
O O O O O B-artist_name I-artist_name
O O O O O B-artist_name I-artist_name I-artist_name I-artist_name
O O O O O B-artist_name I-artist_name
O O O O O O B-artist_name I-artist_name
O O O O O O B-room I-room O O O O B-brightness
O O O O O B-artist_name I-artist_name I-artist_name I-artist_name
O O O O O B-artist_name I-artist_name
O O O O O B-artist_name
O O O B-volume_level_absolute O
O O O O O B-artist_name I-artist_name
O O O O O O O B-song_name I-song_name
O O O O B-brightness O O B-room
O O O O O B-artist_name I-artist_name
O O O O O B-artist_name I-artist_name
O O O O O B-artist_name
O O O O O B-artist_name
O O O O O B-artist_name I-artist_name
O O O O O B-artist_name I-artist_name
O O O O O B-artist_name
O O O O B-brightness I-brightness
O O O O O B-artist_name I-artist_name
O B-room O O B-brightness
O O O O O B-artist_name
O B-volume_level_absolute
O O O B-room O
O O O O O B-artist_name
O O O O B-brightness I-brightness O O O B-room
O O O O O B-artist_name I-artist_name
O O O O O B-artist_name I-artist_name
O O O O O B-artist_name I-artist_name
O O O O O B-artist_name I-artist_name
O O O O O B-artist_name I-artist_name
O B-artist_name I-artist_name
O O O O
O O O O O B-artist_name
O O O O O B-artist_name I-artist_name
O O O O O B-artist_name I-artist_name
O O O B-volume_level_absolute
O O B-room I-room O O B-brightness O O
O O O O O B-artist_name
O O O O O B-artist_name
O O O O O B-artist_name I-artist_name
O O O O O B-artist_name I-artist_name
O O O O O B-artist_name I-artist_name
O O O O O B-artist_name I-artist_name
O O O O O B-artist_name
O O O O O B-brightness O
O O O O O B-artist_name I-artist_name
O O B-song_name I-song_name
O O O B-volume_level_absolute
O O O O O O B-room O O B-brightness
O O O O O B-artist_name
O O O O O B-brightness
O O O O O B-artist_name I-artist_name I-artist_name
O O O O O B-artist_name I-artist_name I-artist_name
O O O O O B-artist_name I-artist_name
O O O O O B-artist_name I-artist_name
O O B-room I-room O O B-brightness
O O O O O B-artist_name I-artist_name I-artist_name
O O O O O B-artist_name I-artist_name
O O O B-volume_level_absolute O O
O O O O O B-artist_name
O O O O O B-artist_name
O O O O O B-artist_name
O O O B-room O O O O O B-brightness
O O O O O O
O O O O O B-artist_name
O O O O O B-volume_level_absolute O
O O O O O B-artist_name
O O O O O B-artist_name I-artist_name
O O O O O B-artist_name I-artist_name
O O O O O B-volume_level_absolute O
O O B-playlist_name I-playlist_name O O B-playlist_mode
O O O O O B-artist_name I-artist_name I-artist_name
O O O O O B-artist_name
O O O O O B-artist_name I-artist_name
O O B-song_name I-song_name O O O O O O O
O O O O B-brightness I-brightness O
O O O O O B-artist_name I-artist_name
O O O O O B-artist_name I-artist_name
O O O O B-room O O O O O B-brightness
O O O O O B-artist_name I-artist_name
O O O O O B-artist_name I-artist_name
O O B-room I-room O O B-brightness
O B-volume_level_absolute O O O O
O O O O O B-artist_name I-artist_name
O O O O O B-artist_name
O O O O B-volume_level_percent I-volume_level_percent
O O O O O B-artist_name I-artist_name
O O O O O B-artist_name I-artist_name
O O O O O B-artist_name I-artist_name I-artist_name
O B-volume_level_percent I-volume_level_percent
O O O O O B-artist_name
O O O O O B-artist_name
O O O O O B-artist_name I-artist_name
O O B-room I-room I-room O O B-brightness I-brightness O
O O O O O B-artist_name I-artist_name
O O O O O B-volume_level_absolute O
O O O O O B-music_item O O O O
O O O O O B-artist_name
O O O O O B-artist_name
O O O B-volume_level_absolute O
O O O O B-volume_level_absolute O
O O O O O B-artist_name
O O O O O
O O B-room O O B-brightness
O O O O
O O O B-room O O B-brightness O
O O O B-volume_level_absolute O
O O O O O B-artist_name I-artist_name
O O O O O B-artist_name I-artist_name
O O O O O B-artist_name I-artist_name
O O O O O O B-brightness O O B-room
O O O O O B-artist_name
O O B-volume_level_absolute O
O O O O O B-artist_name
O O O B-playlist_name I-playlist_name I-playlist_name I-playlist_name O O O
O O O O O B-artist_name I-artist_name
O O O O O B-artist_name I-artist_name
O O O O O B-artist_name I-artist_name
O O O O O B-artist_name
O O O O O B-artist_name I-artist_name
O O O O O B-artist_name I-artist_name
O O O O O B-artist_name
O O O O O B-artist_name I-artist_name
O O O B-volume_level_percent
O O O O O B-artist_name I-artist_name I-artist_name
O O O O O B-artist_name I-artist_name
O O O O O B-artist_name
O O O O O B-artist_name I-artist_name I-artist_name
O O O O O B-artist_name I-artist_name
O O O O O B-artist_name I-artist_name
O O O O O B-artist_name
B-room O O B-brightness I-brightness
O O O O O B-artist_name I-artist_name I-artist_name
O O O O B-room O O B-brightness I-brightness
O O O O O B-artist_name I-artist_name
O O O O O B-artist_name I-artist_name
O O O O O B-artist_name I-artist_name
O O O O O B-artist_name I-artist_name
O O O O O B-artist_name
O O O O O B-artist_name
O O O O O B-artist_name I-artist_name
O O O O O B-artist_name I-artist_name
O O O O B-color O O B-room
O O O O O B-artist_name
O O O O O B-artist_name I-artist_name I-artist_name I-artist_name I-artist_name
O O O O O B-artist_name I-artist_name
O O O O O O B-volume_level_absolute
O B-playlist_mode O O B-album_name
O O O O O B-artist_name
O O O O O B-artist_name I-artist_name I-artist_name
O O O O O B-artist_name
O O O O O B-artist_name I-artist_name
O O O O O B-artist_name I-artist_name
O O O B-room O O O O B-brightness
O O O O O B-artist_name I-artist_name
O O O O O B-artist_name I-artist_name
O O O O O B-artist_name I-artist_name
O O O O O B-artist_name I-artist_name
O O O O O B-artist_name
O O O O O B-artist_name I-artist_name
O O O O O B-artist_name I-artist_name
O O O O O B-room O O O B-brightness
O O O O B-brightness O
O O O O O B-artist_name I-artist_name
O O O O O B-artist_name
O O O O O B-artist_name
O O B-artist_name
O O O O O O O B-brightness I-brightness
O O O O B-volume_level_absolute
O O O O O B-artist_name I-artist_name I-artist_name
O B-volume_level_absolute
O O O O O B-artist_name
O O O O O O B-brightness
O O O O O B-artist_name I-artist_name
O O O O O B-artist_name I-artist_name
O O O O O B-artist_name I-artist_name
O O O O O B-artist_name I-artist_name
O O O O O B-artist_name I-artist_name I-artist_name
O O O O O B-artist_name
O O O O O O O O B-volume_level_absolute
O O O O O B-artist_name I-artist_name I-artist_name I-artist_name I-artist_name
O O O O B-volume_level_percent
O O O O O B-artist_name I-artist_name I-artist_name
O O O O O B-artist_name I-artist_name
O O O O O B-artist_name I-artist_name
O O O B-volume_level_absolute
O O O O O B-artist_name I-artist_name
O O B-album_name I-album_name
O O O B-volume_level_percent
O O O O B-brightness
O O O O O B-artist_name I-artist_name
O O O O O B-room I-room O B-brightness
O O O O O B-artist_name I-artist_name
O O O O O O O O O O B-volume_level_absolute O
O O B-room I-room O O O B-brightness
O O B-room O B-brightness
O O O O O O
O B-song_name I-song_name I-song_name
O O O O O B-artist_name I-artist_name
O O O O O B-artist_name I-artist_name
O O O O O B-room O O B-brightness
O O O O O B-artist_name
O O O B-album_name I-album_name O
O O O O O O B-brightness I-brightness O O B-room I-room
O O O B-room I-room O O O B-brightness O
O O O O O O O O O O B-room O B-brightness
O O B-room O O B-brightness
O O O O O B-artist_name
O O O O B-brightness
O O O O O B-artist_name I-artist_name
O O O O O B-artist_name I-artist_name
O O O O O O B-brightness
O O O O O B-artist_name
O O O O O O O O B-volume_level_absolute
O O O O O B-artist_name
O O O O O B-artist_name I-artist_name
O O O O O B-artist_name
O O O B-volume_level_absolute
O O O O O B-artist_name
O O O O B-brightness I-brightness
O O O O O B-volume_level_absolute O
O O O O O B-artist_name I-artist_name
O O B-playlist_name O O B-playlist_mode
O O O O O B-artist_name I-artist_name
O O O O O B-artist_name
O O O O O B-artist_name I-artist_name I-artist_name
O O O O O B-artist_name I-artist_name I-artist_name I-artist_name I-artist_name I-artist_name
O O O O O B-artist_name I-artist_name
O O O O O B-artist_name I-artist_name
O O O O O O O O B-brightness
O O O O O B-artist_name I-artist_name
O O O B-brightness O O B-room I-room O
O O B-playlist_name I-playlist_name O O B-playlist_mode
O O O O O B-artist_name I-artist_name
O O O O O B-artist_name I-artist_name
O O O O O B-artist_name I-artist_name
O O O O O B-artist_name I-artist_name I-artist_name
O B-playlist_name I-playlist_name O O O O
O O O O O B-artist_name I-artist_name
O O O O O B-artist_name I-artist_name I-artist_name
O O O O O B-artist_name I-artist_name I-artist_name
O B-volume_level_absolute
O B-album_name I-album_name I-album_name O O O
O O O B-room O
O O O O O B-artist_name I-artist_name
O O O O O B-artist_name I-artist_name
O O O O O B-artist_name
O B-song_name I-song_name O O O O
O O O O O B-artist_name I-artist_name I-artist_name I-artist_name I-artist_name I-artist_name
O O O O O B-artist_name I-artist_name
O O O O O B-artist_name I-artist_name
O O O O O B-artist_name
O O O O O B-artist_name I-artist_name I-artist_name I-artist_name
O O O O O O B-volume_level_absolute O
O O O O O B-artist_name I-artist_name
O O O B-room O O O O O B-brightness
O O O O O B-volume_level_absolute
O O O O O B-artist_name I-artist_name
O O O O O B-artist_name I-artist_name
O O B-room O O O B-brightness I-brightness
O O O O O B-artist_name I-artist_name I-artist_name I-artist_name
O O O O O B-artist_name I-artist_name
O O O O O B-artist_name
O O O O O O B-volume_level_absolute
O O O B-playlist_name I-playlist_name O O O O
O O O O O O O B-artist_name I-artist_name
O O O O O B-artist_name
O O O O O B-artist_name
O O B-volume_level_absolute O O
O O O O O B-artist_name I-artist_name I-artist_name
O O O O O B-artist_name
O O O B-volume_level_percent I-volume_level_percent
O O O O O B-artist_name I-artist_name
O O O O B-playlist_name I-playlist_name I-playlist_name I-playlist_name
O O O O O B-artist_name
O O O O O B-artist_name I-artist_name
O O O O O B-artist_name
O O O O B-room I-room O O O B-brightness I-brightness
O O O O O B-artist_name
O O O O O B-artist_name
O O O O O O O B-brightness O O O
O O B-volume_level_percent I-volume_level_percent
O O O O O B-artist_name I-artist_name
O O O O O B-artist_name I-artist_name
O O O O O B-artist_name I-artist_name
O O O B-album_name I-album_name O B-playlist_mode
O O O O O B-artist_name I-artist_name I-artist_name
O O O O O B-volume_level_absolute
O O O O O B-artist_name I-artist_name I-artist_name
O O O B-volume_level_percent I-volume_level_percent
O O O O O B-artist_name
O O O O O B-artist_name I-artist_name
O O O O O B-artist_name I-artist_name I-artist_name
O O O O O B-artist_name I-artist_name
O O O O O B-artist_name I-artist_name
O O O O O B-artist_name I-artist_name
O O O O O B-artist_name I-artist_name
O O O O O B-artist_name
O O O O O B-artist_name I-artist_name
O O O O O B-artist_name I-artist_name
O O O O O B-artist_name I-artist_name
O O O O O B-artist_name I-artist_name
O O O O O B-artist_name
O O O O O B-artist_name I-artist_name
O O O O O O O B-brightness
O O O O B-music_item O O
O O O B-room O O O
O O O O O B-artist_name I-artist_name
O O O O O B-volume_level_absolute O
